[ 2025-07-05 02:24:08,435 ] 1025 httpx - INFO - HTTP Request: GET https://dagshub.com/api/v1/user "HTTP/1.1 200 OK"
[ 2025-07-05 02:24:08,442 ] 107 dagshub - INFO - Accessing as ajeetsinghcet05
[ 2025-07-05 02:24:08,635 ] 1025 httpx - INFO - HTTP Request: GET https://dagshub.com/api/v1/repos/ajeetsinghcet05/networksecurity "HTTP/1.1 200 OK"
[ 2025-07-05 02:24:08,761 ] 1025 httpx - INFO - HTTP Request: GET https://dagshub.com/api/v1/user "HTTP/1.1 200 OK"
[ 2025-07-05 02:24:08,763 ] 107 dagshub - INFO - Initialized MLflow to track repo "ajeetsinghcet05/networksecurity"
[ 2025-07-05 02:24:08,764 ] 107 dagshub - INFO - Repository ajeetsinghcet05/networksecurity initialized!
[ 2025-07-05 02:25:03,984 ] 41 root - INFO - Start data Ingestion
[ 2025-07-05 02:25:06,459 ] 69 root - INFO - Performed train test split on the dataframe
[ 2025-07-05 02:25:06,461 ] 71 root - INFO - Exited split_data_as_train_test method of Data_Ingestion class
[ 2025-07-05 02:25:06,461 ] 79 root - INFO - Exporting train and test file path.
[ 2025-07-05 02:25:06,507 ] 88 root - INFO - Exported train and test file path.
[ 2025-07-05 02:25:06,508 ] 44 root - INFO - Data Ingestion completed and artifact: DataIngestionArtifact(trained_file_path='Artifacts\\07_05_2025_02_24_05\\data_ingestion\\ingested\\train.csv', test_file_path='Artifacts\\07_05_2025_02_24_05\\data_ingestion\\ingested\\test.csv')
[ 2025-07-05 02:25:06,537 ] 56 root - INFO - Initiate the data Validation
[ 2025-07-05 02:25:06,537 ] 86 root - INFO - Initiating data validation
[ 2025-07-05 02:25:06,616 ] 40 root - INFO - Expected number of columns: 31
[ 2025-07-05 02:25:06,616 ] 41 root - INFO - Actual number of columns: 31
[ 2025-07-05 02:25:06,616 ] 43 root - INFO - Number of columns validation passed
[ 2025-07-05 02:25:06,616 ] 40 root - INFO - Expected number of columns: 31
[ 2025-07-05 02:25:06,616 ] 41 root - INFO - Actual number of columns: 31
[ 2025-07-05 02:25:06,616 ] 43 root - INFO - Number of columns validation passed
[ 2025-07-05 02:25:06,765 ] 130 root - INFO - Data validation completed successfully
[ 2025-07-05 02:25:06,766 ] 66 root - INFO - Entered initiate_data_transformation method of DataTransformation class
[ 2025-07-05 02:25:06,766 ] 68 root - INFO - Starting data transformation
[ 2025-07-05 02:25:06,784 ] 51 root - INFO - Entered get_data_trnasformer_object method of Trnasformation class
[ 2025-07-05 02:25:06,784 ] 56 root - INFO - Initialise KNNImputer with {'missing_values': nan, 'n_neighbors': 3, 'weights': 'uniform'}
[ 2025-07-05 02:25:06,799 ] 49 root - INFO - Entered the save_object method of Main Utils class
[ 2025-07-05 02:25:06,801 ] 53 root - INFO - Exited the save_object method of MainUtils class
[ 2025-07-05 02:25:06,801 ] 49 root - INFO - Entered the save_object method of Main Utils class
[ 2025-07-05 02:25:06,804 ] 53 root - INFO - Exited the save_object method of MainUtils class
[ 2025-07-05 02:27:46,237 ] 49 root - INFO - Entered the save_object method of Main Utils class
[ 2025-07-05 02:27:46,238 ] 53 root - INFO - Exited the save_object method of MainUtils class
[ 2025-07-05 02:27:46,238 ] 49 root - INFO - Entered the save_object method of Main Utils class
[ 2025-07-05 02:27:46,246 ] 53 root - INFO - Exited the save_object method of MainUtils class
[ 2025-07-05 02:27:46,246 ] 131 root - INFO - Model trainer artifact: ModelTrainerArtifact(trained_model_file_path='Artifacts\\07_05_2025_02_24_05\\model_trainer\\trained_model\\model.pkl', train_metric_artifact=ClassificationMetricArtifact(f1_score=0.9907000510986204, precision_score=0.9883768352365416, recall_score=0.9930342143003483), test_metric_artifact=ClassificationMetricArtifact(f1_score=0.978524014057009, precision_score=0.9750972762645914, recall_score=0.981974921630094))
