[ 2025-07-04 18:48:18,825 ] 1025 httpx - INFO - HTTP Request: GET https://dagshub.com/api/v1/user "HTTP/1.1 200 OK"
[ 2025-07-04 18:48:18,833 ] 107 dagshub - INFO - Accessing as ajeetsinghcet05
[ 2025-07-04 18:48:19,004 ] 1025 httpx - INFO - HTTP Request: GET https://dagshub.com/api/v1/repos/ajeetsinghcet05/networksecurity "HTTP/1.1 200 OK"
[ 2025-07-04 18:48:19,129 ] 1025 httpx - INFO - HTTP Request: GET https://dagshub.com/api/v1/user "HTTP/1.1 200 OK"
[ 2025-07-04 18:48:19,131 ] 107 dagshub - INFO - Initialized MLflow to track repo "ajeetsinghcet05/networksecurity"
[ 2025-07-04 18:48:19,132 ] 107 dagshub - INFO - Repository ajeetsinghcet05/networksecurity initialized!
[ 2025-07-04 18:49:40,137 ] 36 root - INFO - Start data Ingestion
[ 2025-07-04 18:49:42,590 ] 69 root - INFO - Performed train test split on the dataframe
[ 2025-07-04 18:49:42,590 ] 71 root - INFO - Exited split_data_as_train_test method of Data_Ingestion class
[ 2025-07-04 18:49:42,590 ] 79 root - INFO - Exporting train and test file path.
[ 2025-07-04 18:49:42,629 ] 88 root - INFO - Exported train and test file path.
[ 2025-07-04 18:49:42,630 ] 39 root - INFO - Data Ingestion completed and artifact: DataIngestionArtifact(trained_file_path='Artifacts\\07_04_2025_18_48_17\\data_ingestion\\ingested\\train.csv', test_file_path='Artifacts\\07_04_2025_18_48_17\\data_ingestion\\ingested\\test.csv')
[ 2025-07-04 18:49:42,635 ] 51 root - INFO - Initiate the data Validation
[ 2025-07-04 18:49:42,635 ] 86 root - INFO - Initiating data validation
[ 2025-07-04 18:49:42,704 ] 40 root - INFO - Expected number of columns: 31
[ 2025-07-04 18:49:42,704 ] 41 root - INFO - Actual number of columns: 31
[ 2025-07-04 18:49:42,704 ] 43 root - INFO - Number of columns validation passed
[ 2025-07-04 18:49:42,704 ] 40 root - INFO - Expected number of columns: 31
[ 2025-07-04 18:49:42,704 ] 41 root - INFO - Actual number of columns: 31
[ 2025-07-04 18:49:42,704 ] 43 root - INFO - Number of columns validation passed
