[ 2025-07-04 15:14:04,591 ] 1025 httpx - INFO - HTTP Request: POST https://dagshub.com/login/oauth/middleman "HTTP/1.1 200 OK"
[ 2025-07-04 15:14:04,748 ] 1025 httpx - INFO - HTTP Request: POST https://dagshub.com/login/oauth/access_token "HTTP/1.1 200 OK"
[ 2025-07-04 15:14:04,874 ] 1025 httpx - INFO - HTTP Request: GET https://dagshub.com/api/v1/user "HTTP/1.1 200 OK"
[ 2025-07-04 15:14:04,883 ] 107 dagshub - INFO - Accessing as ajeetsinghcet05
[ 2025-07-04 15:14:05,140 ] 1025 httpx - INFO - HTTP Request: GET https://dagshub.com/api/v1/repos/ajeetsinghcet05/networksecurity "HTTP/1.1 200 OK"
[ 2025-07-04 15:14:05,285 ] 1025 httpx - INFO - HTTP Request: GET https://dagshub.com/api/v1/user "HTTP/1.1 200 OK"
[ 2025-07-04 15:14:05,289 ] 107 dagshub - INFO - Initialized MLflow to track repo "ajeetsinghcet05/networksecurity"
[ 2025-07-04 15:14:05,291 ] 107 dagshub - INFO - Repository ajeetsinghcet05/networksecurity initialized!
[ 2025-07-04 15:14:05,291 ] 16 root - INFO - Data Ingestion started with config: <networksecurity.entity.config_entity.DataIngestionConfig object at 0x0000024B9C2FBD90>
[ 2025-07-04 15:14:07,909 ] 69 root - INFO - Performed train test split on the dataframe
[ 2025-07-04 15:14:07,909 ] 71 root - INFO - Exited split_data_as_train_test method of Data_Ingestion class
[ 2025-07-04 15:14:07,909 ] 79 root - INFO - Exporting train and test file path.
[ 2025-07-04 15:14:07,948 ] 88 root - INFO - Exported train and test file path.
[ 2025-07-04 15:14:07,949 ] 18 root - INFO - MAIN-- Data Ingestion Completed successfully.
[ 2025-07-04 15:14:07,955 ] 25 root - INFO - Data Validation started with config: <networksecurity.entity.config_entity.DataValidationConfig object at 0x0000024BE3497D30>
[ 2025-07-04 15:14:07,955 ] 86 root - INFO - Initiating data validation
[ 2025-07-04 15:14:08,033 ] 40 root - INFO - Expected number of columns: 31
[ 2025-07-04 15:14:08,033 ] 41 root - INFO - Actual number of columns: 31
[ 2025-07-04 15:14:08,034 ] 43 root - INFO - Number of columns validation passed
[ 2025-07-04 15:14:08,034 ] 40 root - INFO - Expected number of columns: 31
[ 2025-07-04 15:14:08,034 ] 41 root - INFO - Actual number of columns: 31
[ 2025-07-04 15:14:08,034 ] 43 root - INFO - Number of columns validation passed
[ 2025-07-04 15:14:08,124 ] 125 root - INFO - Data validation completed successfully
[ 2025-07-04 15:14:08,124 ] 27 root - INFO - MAIN-- Data Validation Completed successfully.
[ 2025-07-04 15:14:08,124 ] 32 root - INFO - Data Transformation started with config: {data_transformation_config}
[ 2025-07-04 15:14:08,124 ] 66 root - INFO - Entered initiate_data_transformation method of DataTransformation class
[ 2025-07-04 15:14:08,124 ] 68 root - INFO - Starting data transformation
[ 2025-07-04 15:14:08,140 ] 51 root - INFO - Entered get_data_trnasformer_object method of Trnasformation class
[ 2025-07-04 15:14:08,140 ] 56 root - INFO - Initialise KNNImputer with {'missing_values': nan, 'n_neighbors': 3, 'weights': 'uniform'}
[ 2025-07-04 15:14:08,148 ] 49 root - INFO - Entered the save_object method of Main Utils class
[ 2025-07-04 15:14:08,150 ] 53 root - INFO - Exited the save_object method of MainUtils class
[ 2025-07-04 15:14:08,150 ] 49 root - INFO - Entered the save_object method of Main Utils class
[ 2025-07-04 15:14:08,151 ] 53 root - INFO - Exited the save_object method of MainUtils class
[ 2025-07-04 15:14:08,152 ] 35 root - INFO - MAIN-- Data Transformation Completed successfully.
[ 2025-07-04 15:14:08,152 ] 39 root - INFO - Model Training started
