[ 2025-07-04 18:50:43,042 ] 1025 httpx - INFO - HTTP Request: GET https://dagshub.com/api/v1/user "HTTP/1.1 200 OK"
[ 2025-07-04 18:50:43,045 ] 107 dagshub - INFO - Accessing as ajeetsinghcet05
[ 2025-07-04 18:50:43,211 ] 1025 httpx - INFO - HTTP Request: GET https://dagshub.com/api/v1/repos/ajeetsinghcet05/networksecurity "HTTP/1.1 200 OK"
[ 2025-07-04 18:50:43,349 ] 1025 httpx - INFO - HTTP Request: GET https://dagshub.com/api/v1/user "HTTP/1.1 200 OK"
[ 2025-07-04 18:50:43,351 ] 107 dagshub - INFO - Initialized MLflow to track repo "ajeetsinghcet05/networksecurity"
[ 2025-07-04 18:50:43,352 ] 107 dagshub - INFO - Repository ajeetsinghcet05/networksecurity initialized!
[ 2025-07-04 18:50:55,392 ] 36 root - INFO - Start data Ingestion
[ 2025-07-04 18:50:57,628 ] 69 root - INFO - Performed train test split on the dataframe
[ 2025-07-04 18:50:57,628 ] 71 root - INFO - Exited split_data_as_train_test method of Data_Ingestion class
[ 2025-07-04 18:50:57,629 ] 79 root - INFO - Exporting train and test file path.
[ 2025-07-04 18:50:57,670 ] 88 root - INFO - Exported train and test file path.
[ 2025-07-04 18:50:57,670 ] 39 root - INFO - Data Ingestion completed and artifact: DataIngestionArtifact(trained_file_path='Artifacts\\07_04_2025_18_50_41\\data_ingestion\\ingested\\train.csv', test_file_path='Artifacts\\07_04_2025_18_50_41\\data_ingestion\\ingested\\test.csv')
[ 2025-07-04 18:50:57,675 ] 51 root - INFO - Initiate the data Validation
[ 2025-07-04 18:50:57,676 ] 86 root - INFO - Initiating data validation
[ 2025-07-04 18:50:57,754 ] 40 root - INFO - Expected number of columns: 31
[ 2025-07-04 18:50:57,754 ] 41 root - INFO - Actual number of columns: 31
[ 2025-07-04 18:50:57,754 ] 43 root - INFO - Number of columns validation passed
[ 2025-07-04 18:50:57,754 ] 40 root - INFO - Expected number of columns: 31
[ 2025-07-04 18:50:57,754 ] 41 root - INFO - Actual number of columns: 31
[ 2025-07-04 18:50:57,754 ] 43 root - INFO - Number of columns validation passed
[ 2025-07-04 18:50:57,849 ] 130 root - INFO - Data validation completed successfully
[ 2025-07-04 18:50:57,850 ] 66 root - INFO - Entered initiate_data_transformation method of DataTransformation class
[ 2025-07-04 18:50:57,850 ] 68 root - INFO - Starting data transformation
[ 2025-07-04 18:50:57,867 ] 51 root - INFO - Entered get_data_trnasformer_object method of Trnasformation class
[ 2025-07-04 18:50:57,868 ] 56 root - INFO - Initialise KNNImputer with {'missing_values': nan, 'n_neighbors': 3, 'weights': 'uniform'}
[ 2025-07-04 18:50:57,878 ] 49 root - INFO - Entered the save_object method of Main Utils class
[ 2025-07-04 18:50:57,881 ] 53 root - INFO - Exited the save_object method of MainUtils class
[ 2025-07-04 18:50:57,881 ] 49 root - INFO - Entered the save_object method of Main Utils class
[ 2025-07-04 18:50:57,883 ] 53 root - INFO - Exited the save_object method of MainUtils class
[ 2025-07-04 18:53:39,923 ] 49 root - INFO - Entered the save_object method of Main Utils class
[ 2025-07-04 18:53:39,924 ] 53 root - INFO - Exited the save_object method of MainUtils class
[ 2025-07-04 18:53:39,924 ] 49 root - INFO - Entered the save_object method of Main Utils class
[ 2025-07-04 18:53:39,946 ] 53 root - INFO - Exited the save_object method of MainUtils class
[ 2025-07-04 18:53:39,947 ] 131 root - INFO - Model trainer artifact: ModelTrainerArtifact(trained_model_file_path='Artifacts\\07_04_2025_18_50_41\\model_trainer\\trained_model\\model.pkl', train_metric_artifact=ClassificationMetricArtifact(f1_score=0.9911111111111112, precision_score=0.9891129032258065, recall_score=0.9931174089068826), test_metric_artifact=ClassificationMetricArtifact(f1_score=0.9741060419235512, precision_score=0.9745065789473685, recall_score=0.9737058340180772))
[ 2025-07-04 18:55:50,837 ] 36 root - INFO - Start data Ingestion
[ 2025-07-04 18:55:53,363 ] 69 root - INFO - Performed train test split on the dataframe
[ 2025-07-04 18:55:53,363 ] 71 root - INFO - Exited split_data_as_train_test method of Data_Ingestion class
[ 2025-07-04 18:55:53,363 ] 79 root - INFO - Exporting train and test file path.
[ 2025-07-04 18:55:53,403 ] 88 root - INFO - Exported train and test file path.
[ 2025-07-04 18:55:53,403 ] 39 root - INFO - Data Ingestion completed and artifact: DataIngestionArtifact(trained_file_path='Artifacts\\07_04_2025_18_50_41\\data_ingestion\\ingested\\train.csv', test_file_path='Artifacts\\07_04_2025_18_50_41\\data_ingestion\\ingested\\test.csv')
[ 2025-07-04 18:55:53,408 ] 51 root - INFO - Initiate the data Validation
[ 2025-07-04 18:55:53,408 ] 86 root - INFO - Initiating data validation
[ 2025-07-04 18:55:53,527 ] 40 root - INFO - Expected number of columns: 31
[ 2025-07-04 18:55:53,527 ] 41 root - INFO - Actual number of columns: 31
[ 2025-07-04 18:55:53,527 ] 43 root - INFO - Number of columns validation passed
[ 2025-07-04 18:55:53,527 ] 40 root - INFO - Expected number of columns: 31
[ 2025-07-04 18:55:53,527 ] 41 root - INFO - Actual number of columns: 31
[ 2025-07-04 18:55:53,527 ] 43 root - INFO - Number of columns validation passed
[ 2025-07-04 18:55:53,634 ] 130 root - INFO - Data validation completed successfully
[ 2025-07-04 18:55:53,634 ] 66 root - INFO - Entered initiate_data_transformation method of DataTransformation class
[ 2025-07-04 18:55:53,634 ] 68 root - INFO - Starting data transformation
[ 2025-07-04 18:55:53,650 ] 51 root - INFO - Entered get_data_trnasformer_object method of Trnasformation class
[ 2025-07-04 18:55:53,650 ] 56 root - INFO - Initialise KNNImputer with {'missing_values': nan, 'n_neighbors': 3, 'weights': 'uniform'}
[ 2025-07-04 18:55:53,657 ] 49 root - INFO - Entered the save_object method of Main Utils class
[ 2025-07-04 18:55:53,658 ] 53 root - INFO - Exited the save_object method of MainUtils class
[ 2025-07-04 18:55:53,658 ] 49 root - INFO - Entered the save_object method of Main Utils class
[ 2025-07-04 18:55:53,659 ] 53 root - INFO - Exited the save_object method of MainUtils class
[ 2025-07-04 18:58:28,904 ] 49 root - INFO - Entered the save_object method of Main Utils class
[ 2025-07-04 18:58:28,904 ] 53 root - INFO - Exited the save_object method of MainUtils class
[ 2025-07-04 18:58:28,904 ] 49 root - INFO - Entered the save_object method of Main Utils class
[ 2025-07-04 18:58:28,908 ] 53 root - INFO - Exited the save_object method of MainUtils class
[ 2025-07-04 18:58:28,908 ] 131 root - INFO - Model trainer artifact: ModelTrainerArtifact(trained_model_file_path='Artifacts\\07_04_2025_18_50_41\\model_trainer\\trained_model\\model.pkl', train_metric_artifact=ClassificationMetricArtifact(f1_score=0.9911576379713386, precision_score=0.9882448317794893, recall_score=0.9940876656472987), test_metric_artifact=ClassificationMetricArtifact(f1_score=0.9707509881422924, precision_score=0.9608763693270735, recall_score=0.9808306709265175))
